<?xml version="1.0" encoding="UTF-8"?>
<!-- Generated by org.testng.reporters.JUnitReportReporter -->
<testsuite hostname="saibabu" failures="0" tests="3" name="PracticeTest.skipException" time="0.010" errors="0" timestamp="2025-02-13T18:34:12 IST" skipped="3">
  <testcase classname="PracticeTest.skipException" name="skipTest2" time="0.008">
    <skipped/>
  </testcase> <!-- skipTest2 -->
  <testcase classname="PracticeTest.skipException" name="skipTest3" time="0.002">
    <skipped/>
  </testcase> <!-- skipTest3 -->
  <testcase classname="PracticeTest.skipException" name="skipTest1">
    <skipped/>
  </testcase> <!-- skipTest1 -->
</testsuite> <!-- PracticeTest.skipException -->
