<?xml version="1.0" encoding="UTF-8"?>
<!-- Generated by org.testng.reporters.JUnitReportReporter -->
<testsuite hostname="saibabu" failures="0" tests="1" name="POM.loginTest" time="11.498" errors="0" timestamp="2025-02-13T18:58:23 IST" skipped="0">
  <testcase classname="POM.loginTest" name="login" time="11.498"/>
</testsuite> <!-- POM.loginTest -->
